  Board.cpp
C:\Users\patryk\source\repos\Inzynierka2022\MCTS-UCT-Ugolki\ugolki\Board.cpp(35,77): warning C4244: 'argument': conversion from 'int' to 'T', possible loss of data
          with
          [
              T=float
          ]
C:\Users\patryk\source\repos\Inzynierka2022\MCTS-UCT-Ugolki\ugolki\Board.cpp(35,47): warning C4244: 'argument': conversion from 'int' to 'T', possible loss of data
          with
          [
              T=float
          ]
C:\Users\patryk\source\repos\Inzynierka2022\MCTS-UCT-Ugolki\ugolki\Board.cpp(49,77): warning C4244: 'argument': conversion from 'int' to 'T', possible loss of data
          with
          [
              T=float
          ]
C:\Users\patryk\source\repos\Inzynierka2022\MCTS-UCT-Ugolki\ugolki\Board.cpp(49,47): warning C4244: 'argument': conversion from 'int' to 'T', possible loss of data
          with
          [
              T=float
          ]
  ugolki.vcxproj -> C:\Users\patryk\source\repos\Inzynierka2022\MCTS-UCT-Ugolki\x64\Debug\ugolki.exe
